2021-11-02 00:42:42.069  INFO 20788 --- [main] t.e.spring.TimesheetServiceImplTest      : Starting TimesheetServiceImplTest on DESKTOP-HM5BPS0 with PID 20788 (started by msi in C:\Users\msi\Documents\GitHub\timesheet)
2021-11-02 00:42:42.077  INFO 20788 --- [main] t.e.spring.TimesheetServiceImplTest      : No active profile set, falling back to default profiles: default
2021-11-02 00:42:42.757  INFO 20788 --- [main] .s.d.r.c.RepositoryConfigurationDelegate : Bootstrapping Spring Data repositories in DEFAULT mode.
2021-11-02 00:42:42.862  INFO 20788 --- [main] .s.d.r.c.RepositoryConfigurationDelegate : Finished Spring Data repository scanning in 93ms. Found 6 repository interfaces.
2021-11-02 00:42:43.223  INFO 20788 --- [main] trationDelegate$BeanPostProcessorChecker : Bean 'org.springframework.transaction.annotation.ProxyTransactionManagementConfiguration' of type [org.springframework.transaction.annotation.ProxyTransactionManagementConfiguration] is not eligible for getting processed by all BeanPostProcessors (for example: not eligible for auto-proxying)
2021-11-02 00:42:43.606  INFO 20788 --- [main] o.hibernate.jpa.internal.util.LogHelper  : HHH000204: Processing PersistenceUnitInfo [name: default]
2021-11-02 00:42:43.715  INFO 20788 --- [main] org.hibernate.Version                    : HHH000412: Hibernate Core {5.4.8.Final}
2021-11-02 00:42:43.939  INFO 20788 --- [main] o.hibernate.annotations.common.Version   : HCANN000001: Hibernate Commons Annotations {5.1.0.Final}
2021-11-02 00:42:44.231  INFO 20788 --- [main] com.zaxxer.hikari.HikariDataSource       : HikariPool-1 - Starting...
2021-11-02 00:42:44.390  INFO 20788 --- [main] com.zaxxer.hikari.HikariDataSource       : HikariPool-1 - Start completed.
2021-11-02 00:42:44.412  INFO 20788 --- [main] org.hibernate.dialect.Dialect            : HHH000400: Using dialect: org.hibernate.dialect.MySQL5InnoDBDialect
2021-11-02 00:42:45.207  INFO 20788 --- [main] o.h.e.t.j.p.i.JtaPlatformInitiator       : HHH000490: Using JtaPlatform implementation: [org.hibernate.engine.transaction.jta.platform.internal.NoJtaPlatform]
2021-11-02 00:42:45.213  INFO 20788 --- [main] j.LocalContainerEntityManagerFactoryBean : Initialized JPA EntityManagerFactory for persistence unit 'default'
2021-11-02 00:42:46.443  WARN 20788 --- [main] JpaBaseConfiguration$JpaWebConfiguration : spring.jpa.open-in-view is enabled by default. Therefore, database queries may be performed during view rendering. Explicitly configure spring.jpa.open-in-view to disable this warning
2021-11-02 00:42:46.875  INFO 20788 --- [main] o.s.s.concurrent.ThreadPoolTaskExecutor  : Initializing ExecutorService 'applicationTaskExecutor'
2021-11-02 00:42:47.349  INFO 20788 --- [main] t.e.spring.TimesheetServiceImplTest      : Started TimesheetServiceImplTest in 5.74 seconds (JVM running for 6.728)
2021-11-02 00:42:47.422  INFO 20788 --- [main] tn.esprit.spring.config.LoggingAspect    : In method affecterMissionADepartement : 
2021-11-02 00:42:47.539  INFO 20788 --- [main] tn.esprit.spring.config.LoggingAspect    : Method execution time: 118 milliseconds.
2021-11-02 00:42:47.540  INFO 20788 --- [main] tn.esprit.spring.config.LoggingAspect    : Out of method without errors :affecterMissionADepartement
2021-11-02 00:42:47.603  INFO 20788 --- [main] tn.esprit.spring.config.LoggingAspect    : In method ajouterMission : 
2021-11-02 00:42:47.620  INFO 20788 --- [main] tn.esprit.spring.config.LoggingAspect    : Method execution time: 17 milliseconds.
2021-11-02 00:42:47.621  INFO 20788 --- [main] tn.esprit.spring.config.LoggingAspect    : Out of method without errors :ajouterMission
2021-11-02 00:42:47.631  INFO 20788 --- [SpringContextShutdownHook] o.s.s.concurrent.ThreadPoolTaskExecutor  : Shutting down ExecutorService 'applicationTaskExecutor'
2021-11-02 00:42:47.633  INFO 20788 --- [SpringContextShutdownHook] j.LocalContainerEntityManagerFactoryBean : Closing JPA EntityManagerFactory for persistence unit 'default'
2021-11-02 00:42:47.634  INFO 20788 --- [SpringContextShutdownHook] com.zaxxer.hikari.HikariDataSource       : HikariPool-1 - Shutdown initiated...
2021-11-02 00:42:47.645  INFO 20788 --- [SpringContextShutdownHook] com.zaxxer.hikari.HikariDataSource       : HikariPool-1 - Shutdown completed.
